<?xml version="1.0" encoding="UTF-8"?>
<!-- Generated by org.testng.reporters.JUnitReportReporter -->
<testsuite hostname="BILL-C02G60A3Q6LW.local" failures="0" tests="2" name="com.renju.training.jenkins2.JenCalcTest" time="0.008" errors="0" timestamp="2023-03-13T20:32:56 CET" skipped="0">
  <testcase classname="com.renju.training.jenkins2.JenCalcTest" name="subTest" time="0.000"/>
  <system-out/>
  <testcase classname="com.renju.training.jenkins2.JenCalcTest" name="addTest" time="0.008"/>
  <system-out/>
</testsuite> <!-- com.renju.training.jenkins2.JenCalcTest -->
